<?xml version="1.0" encoding="UTF-8"?>
<!-- Generated by org.testng.reporters.JUnitReportReporter -->
<testsuite hostname="DESKTOP-J5E2PDF" failures="0" tests="1" name="jun28NG.LogTest" time="0.029" errors="0" timestamp="2021-06-29T15:57:25 PDT" skipped="0">
  <testcase classname="jun28NG.LogTest" name="Print" time="0.029"/>
  <system-out/>
</testsuite> <!-- jun28NG.LogTest -->
