<?xml version="1.0" encoding="UTF-8"?>
<!-- Generated by org.testng.reporters.JUnitReportReporter -->
<testsuite hostname="DESKTOP-J5E2PDF" failures="0" tests="2" name="jun25NG.fourthone" time="14.728" errors="0" timestamp="2021-06-26T08:27:13 PDT" skipped="0">
  <testcase classname="jun25NG.fourthone" name="f3" time="6.128"/>
  <system-out/>
  <testcase classname="jun25NG.fourthone" name="f" time="8.600"/>
  <system-out/>
</testsuite> <!-- jun25NG.fourthone -->
