<?xml version="1.0" encoding="UTF-8"?>
<!-- Generated by org.testng.reporters.JUnitReportReporter -->
<testsuite hostname="DESKTOP-J5E2PDF" failures="0" tests="2" name="jun23NG.classtest" time="0.018" errors="0" timestamp="2021-06-24T23:02:09 PDT" skipped="0">
  <testcase classname="jun23NG.classtest" name="f" time="0.009"/>
  <system-out/>
  <testcase classname="jun23NG.classtest" name="f" time="0.009"/>
  <system-out/>
</testsuite> <!-- jun23NG.classtest -->
