<?xml version="1.0" encoding="UTF-8"?>
<!-- Generated by org.testng.reporters.JUnitReportReporter -->
<testsuite hostname="DESKTOP-J5E2PDF" failures="0" tests="2" name="jun25NG.thirdone" time="43.545" errors="0" timestamp="2021-06-26T08:21:27 PDT" skipped="0">
  <testcase classname="jun25NG.thirdone" name="f" time="24.933"/>
  <system-out/>
  <testcase classname="jun25NG.thirdone" name="f2" time="18.612"/>
  <system-out/>
</testsuite> <!-- jun25NG.thirdone -->
