<?xml version="1.0" encoding="UTF-8"?>
<!-- Generated by org.testng.reporters.JUnitReportReporter -->
<testsuite hostname="DESKTOP-J5E2PDF" failures="0" tests="3" name="jun24NG.test" time="0.025" errors="0" timestamp="2021-06-24T22:54:51 PDT" skipped="0">
  <testcase classname="jun24NG.test" name="f1" time="0.005"/>
  <system-out/>
  <testcase classname="jun24NG.test" name="f2" time="0.006"/>
  <system-out/>
  <testcase classname="jun24NG.test" name="f" time="0.014"/>
  <system-out/>
</testsuite> <!-- jun24NG.test -->
