<?xml version="1.0" encoding="UTF-8"?>
<!-- Generated by org.testng.reporters.JUnitReportReporter -->
<testsuite hostname="DESKTOP-J5E2PDF" failures="0" tests="2" name="jun27NG.Login2app" time="40.622" errors="0" timestamp="2021-07-05T16:50:14 PDT" skipped="0">
  <testcase classname="jun27NG.Login2app" name="conus" time="17.977"/>
  <system-out/>
  <testcase classname="jun27NG.Login2app" name="craete" time="22.645"/>
  <system-out/>
</testsuite> <!-- jun27NG.Login2app -->
