<?xml version="1.0" encoding="UTF-8"?>
<!-- Generated by org.testng.reporters.JUnitReportReporter -->
<testsuite hostname="DESKTOP-J5E2PDF" failures="0" tests="3" name="jun23NG.start2" time="0.033" errors="0" timestamp="2021-06-24T11:41:35 PDT" skipped="0">
  <testcase classname="jun23NG.start2" name="zack" time="0.006"/>
  <system-out/>
  <testcase classname="jun23NG.start2" name="arrow" time="0.018"/>
  <system-out/>
  <testcase classname="jun23NG.start2" name="puli" time="0.009"/>
  <system-out/>
</testsuite> <!-- jun23NG.start2 -->
