<?xml version="1.0" encoding="UTF-8"?>
<!-- Generated by org.testng.reporters.JUnitReportReporter -->
<testsuite hostname="DESKTOP-J5E2PDF" failures="0" tests="4" name="jun24NG.dependson" time="0.027" errors="0" timestamp="2021-06-24T23:43:45 PDT" skipped="0">
  <testcase classname="jun24NG.dependson" name="arrie" time="0.003"/>
  <system-out/>
  <testcase classname="jun24NG.dependson" name="illieo" time="0.002"/>
  <system-out/>
  <testcase classname="jun24NG.dependson" name="cirie" time="0.015"/>
  <system-out/>
  <testcase classname="jun24NG.dependson" name="yikkie" time="0.007"/>
  <system-out/>
</testsuite> <!-- jun24NG.dependson -->
