<?xml version="1.0" encoding="UTF-8"?>
<!-- Generated by org.testng.reporters.JUnitReportReporter -->
<testsuite hostname="DESKTOP-J5E2PDF" failures="0" tests="2" name="jun26NG.methodthing" time="102.864" errors="0" timestamp="2021-06-26T19:51:05 PDT" skipped="0">
  <testcase classname="jun26NG.methodthing" name="f" time="57.428"/>
  <system-out/>
  <testcase classname="jun26NG.methodthing" name="f2" time="45.436"/>
  <system-out/>
</testsuite> <!-- jun26NG.methodthing -->
