<?xml version="1.0" encoding="UTF-8"?>
<!-- Generated by org.testng.reporters.JUnitReportReporter -->
<testsuite hostname="DESKTOP-J5E2PDF" failures="0" tests="2" name="jun23NG.class_test" time="0.015" errors="0" timestamp="2021-06-24T20:51:32 PDT" skipped="0">
  <testcase classname="jun23NG.class_test" name="f" time="0.012"/>
  <system-out/>
  <testcase classname="jun23NG.class_test" name="f1" time="0.003"/>
  <system-out/>
</testsuite> <!-- jun23NG.class_test -->
