<?xml version="1.0" encoding="UTF-8"?>
<!-- Generated by org.testng.reporters.JUnitReportReporter -->
<testsuite hostname="DESKTOP-J5E2PDF" failures="0" tests="3" name="jun23NG.method_test" time="0.025" errors="0" timestamp="2021-06-24T20:50:57 PDT" skipped="0">
  <testcase classname="jun23NG.method_test" name="arrow" time="0.014"/>
  <system-out/>
  <testcase classname="jun23NG.method_test" name="zack" time="0.004"/>
  <system-out/>
  <testcase classname="jun23NG.method_test" name="puli" time="0.007"/>
  <system-out/>
</testsuite> <!-- jun23NG.method_test -->
