<?xml version="1.0" encoding="UTF-8"?>
<!-- Generated by org.testng.reporters.JUnitReportReporter -->
<testsuite hostname="DESKTOP-J5E2PDF" failures="0" tests="2" name="jun25NG.classthing" time="15.226" errors="0" timestamp="2021-06-26T14:02:14 PDT" skipped="0">
  <testcase classname="jun25NG.classthing" name="f3" time="8.762"/>
  <system-out/>
  <testcase classname="jun25NG.classthing" name="f" time="6.464"/>
  <system-out/>
</testsuite> <!-- jun25NG.classthing -->
