<?xml version="1.0" encoding="UTF-8"?>
<!-- Generated by org.testng.reporters.JUnitReportReporter -->
<testsuite hostname="DESKTOP-J5E2PDF" failures="0" tests="6" name="jun23NG.meth_cla_test" time="0.031" errors="0" timestamp="2021-06-24T23:02:09 PDT" skipped="0">
  <testcase classname="jun23NG.meth_cla_test" name="f2" time="0.004"/>
  <system-out/>
  <testcase classname="jun23NG.meth_cla_test" name="f1" time="0.003"/>
  <system-out/>
  <testcase classname="jun23NG.meth_cla_test" name="f1" time="0.004"/>
  <system-out/>
  <testcase classname="jun23NG.meth_cla_test" name="f2" time="0.008"/>
  <system-out/>
  <testcase classname="jun23NG.meth_cla_test" name="f" time="0.008"/>
  <system-out/>
  <testcase classname="jun23NG.meth_cla_test" name="f" time="0.004"/>
  <system-out/>
</testsuite> <!-- jun23NG.meth_cla_test -->
