<?xml version="1.0" encoding="UTF-8"?>
<!-- Generated by org.testng.reporters.JUnitReportReporter -->
<testsuite hostname="DESKTOP-J5E2PDF" failures="0" tests="1" name="jun27NG.Create" time="30.248" errors="0" timestamp="2021-07-05T16:50:14 PDT" skipped="0">
  <testcase classname="jun27NG.Create" name="createaccountman" time="30.248"/>
  <system-out/>
</testsuite> <!-- jun27NG.Create -->
