<?xml version="1.0" encoding="UTF-8"?>
<!-- Generated by org.testng.reporters.JUnitReportReporter -->
<testsuite hostname="DESKTOP-J5E2PDF" failures="0" tests="3" name="jun23NG.start4" time="0.020" errors="0" timestamp="2021-06-24T15:35:28 PDT" skipped="0">
  <testcase classname="jun23NG.start4" name="f" time="0.012"/>
  <system-out/>
  <testcase classname="jun23NG.start4" name="f2" time="0.005"/>
  <system-out/>
  <testcase classname="jun23NG.start4" name="f1" time="0.003"/>
  <system-out/>
</testsuite> <!-- jun23NG.start4 -->
