<?xml version="1.0" encoding="UTF-8"?>
<!-- Generated by org.testng.reporters.JUnitReportReporter -->
<testsuite hostname="DESKTOP-J5E2PDF" failures="0" tests="2" name="jun23NG.start1" time="0.017" errors="0" timestamp="2021-06-24T10:14:39 PDT" skipped="0">
  <testcase classname="jun23NG.start1" name="f" time="0.013"/>
  <system-out/>
  <testcase classname="jun23NG.start1" name="f2" time="0.004"/>
  <system-out/>
</testsuite> <!-- jun23NG.start1 -->
