<?xml version="1.0" encoding="UTF-8"?>
<!-- Generated by org.testng.reporters.JUnitReportReporter -->
<testsuite hostname="DESKTOP-J5E2PDF" failures="0" tests="4" name="jun24NG.NewTest" time="0.023" errors="0" timestamp="2021-06-24T23:35:29 PDT" skipped="0">
  <testcase classname="jun24NG.NewTest" name="yikkie" time="0.014"/>
  <system-out/>
  <testcase classname="jun24NG.NewTest" name="cirie" time="0.003"/>
  <system-out/>
  <testcase classname="jun24NG.NewTest" name="illieo" time="0.003"/>
  <system-out/>
  <testcase classname="jun24NG.NewTest" name="arrie" time="0.003"/>
  <system-out/>
</testsuite> <!-- jun24NG.NewTest -->
