<?xml version="1.0" encoding="UTF-8"?>
<!-- Generated by org.testng.reporters.JUnitReportReporter -->
<testsuite hostname="DESKTOP-J5E2PDF" failures="0" tests="2" name="jun26NG.classthing" time="92.908" errors="0" timestamp="2021-06-26T19:51:05 PDT" skipped="0">
  <testcase classname="jun26NG.classthing" name="f3" time="34.552"/>
  <system-out/>
  <testcase classname="jun26NG.classthing" name="f" time="58.356"/>
  <system-out/>
</testsuite> <!-- jun26NG.classthing -->
