<?xml version="1.0" encoding="UTF-8"?>
<!-- Generated by org.testng.reporters.JUnitReportReporter -->
<testsuite hostname="DESKTOP-J5E2PDF" failures="0" tests="1" name="jun25NG.firstone" time="27.299" errors="0" timestamp="2021-06-25T19:54:49 PDT" skipped="0">
  <testcase classname="jun25NG.firstone" name="f" time="27.299"/>
  <system-out/>
</testsuite> <!-- jun25NG.firstone -->
