<?xml version="1.0" encoding="UTF-8"?>
<!-- Generated by org.testng.reporters.JUnitReportReporter -->
<testsuite hostname="DESKTOP-J5E2PDF" failures="0" tests="1" name="jun25NG.secondone" time="21.242" errors="0" timestamp="2021-06-25T20:12:26 PDT" skipped="0">
  <testcase classname="jun25NG.secondone" name="f" time="21.242"/>
  <system-out/>
</testsuite> <!-- jun25NG.secondone -->
