<?xml version="1.0" encoding="UTF-8"?>
<!-- Generated by org.testng.reporters.JUnitReportReporter -->
<testsuite hostname="DESKTOP-J5E2PDF" failures="0" tests="2" name="jun25NG.methodthing" time="77.134" errors="0" timestamp="2021-06-26T14:01:19 PDT" skipped="0">
  <testcase classname="jun25NG.methodthing" name="f2" time="52.473"/>
  <system-out/>
  <testcase classname="jun25NG.methodthing" name="f" time="24.661"/>
  <system-out/>
</testsuite> <!-- jun25NG.methodthing -->
